Arguments: 
  C:\Program Files\nodejs\node.exe C:\Program Files (x86)\Yarn\bin\yarn.js add material-table

PATH: 
  C:\Program Files (x86)\Common Files\Oracle\Java\javapath;C:\Program Files\Common Files\Oracle\Java\javapath;C:\Windows\system32;C:\Windows;C:\Windows\System32\Wbem;C:\Windows\System32\WindowsPowerShell\v1.0\;C:\Program Files\MongoDB\Server\4.2\bin;C:\Program Files\nodejs\;C:\Program Files (x86)\Yarn\bin\;%JAVA_HOME%\bin;C:\Program Files\Git\cmd;C:\Program Files\TortoiseGit\bin;C:\Users\user\AppData\Local\Programs\Microsoft VS Code\bin;C:\Users\user\AppData\Roaming\npm;C:\Program Files\heroku\bin;C:\Users\user\AppData\Local\Yarn\bin;C:\apache-maven-3.6.3\bin

Yarn version: 
  1.22.4

Node version: 
  14.16.1

Platform: 
  win32 x64

Trace: 
  Error: https://registry.yarnpkg.com/@ant-design/icons/-/icons-4.6.2.tgz: ESOCKETTIMEDOUT
      at ClientRequest.<anonymous> (C:\Program Files (x86)\Yarn\lib\cli.js:141375:19)
      at Object.onceWrapper (events.js:421:28)
      at ClientRequest.emit (events.js:315:20)
      at TLSSocket.emitRequestTimeout (_http_client.js:784:9)
      at Object.onceWrapper (events.js:421:28)
      at TLSSocket.emit (events.js:327:22)
      at TLSSocket.Socket._onTimeout (net.js:483:8)
      at listOnTimeout (internal/timers.js:554:17)
      at processTimers (internal/timers.js:497:7)

npm manifest: 
  {
    "name": "redux-hooks-practice",
    "version": "0.1.0",
    "private": true,
    "dependencies": {
      "antd": "^4.15.3",
      "axios": "^0.21.1",
      "bootstrap": "^4.6.0",
      "material-table": "^1.69.3",
      "react": "^16.12.0",
      "react-dom": "^16.12.0",
      "react-redux": "^7.1.3",
      "react-router-dom": "^5.2.0",
      "react-scripts": "3.2.0",
      "reactstrap": "^8.9.0",
      "redux": "^4.0.4",
      "redux-persist": "^6.0.0",
      "redux-thunk": "^2.3.0"
    },
    "scripts": {
      "start": "react-scripts start",
      "build": "react-scripts build",
      "test": "react-scripts test",
      "eject": "react-scripts eject"
    },
    "eslintConfig": {
      "extends": "react-app"
    },
    "browserslist": {
      "production": [
        ">0.2%",
        "not dead",
        "not op_mini all"
      ],
      "development": [
        "last 1 chrome version",
        "last 1 firefox version",
        "last 1 safari version"
      ]
    },
    "devDependencies": {
      "enzyme": "^3.11.0",
      "enzyme-adapter-react-16": "^1.15.6",
      "node-sass": "^5.0.0",
      "react-test-renderer": "^17.0.2",
      "save": "^2.4.0"
    }
  }

yarn manifest: 
  No manifest

Lockfile: 
  No lockfile
